<?xml version="1.0" encoding="UTF-8"?>
<!-- Generated by org.testng.reporters.JUnitReportReporter -->
<testsuite name="testCase.TC_2_SearchByLocation" tests="1" time="15.970" ignored="0" failures="0" timestamp="26 Sep 2018 18:05:37 GMT" skipped="0" hostname="LAPTOP-EHEF5703" errors="0">
  <testcase name="tc_01_SearchByLocation" time="15.970" classname="testCase.TC_2_SearchByLocation"/>
</testsuite> <!-- testCase.TC_2_SearchByLocation -->
