<?xml version="1.0" encoding="UTF-8"?>
<!-- Generated by org.testng.reporters.JUnitReportReporter -->
<testsuite hostname="LAPTOP-EHEF5703" failures="0" tests="1" name="testCase.TC_2_SearchByLocationTest" time="0.000" errors="0" timestamp="19 Jan 2019 18:19:55 GMT" skipped="1">
  <testcase classname="testCase.TC_2_SearchByLocationTest" name="tc_01_SearchByLocation" time="0.000">
    <skipped/>
  </testcase> <!-- tc_01_SearchByLocation -->
</testsuite> <!-- testCase.TC_2_SearchByLocationTest -->
