<?xml version="1.0" encoding="UTF-8"?>
<!-- Generated by org.testng.reporters.JUnitReportReporter -->
<testsuite name="TestNGGroups.TestNGGroupsSample" tests="2" time="0.011" ignored="2" failures="0" timestamp="03 Jan 2019 18:13:11 GMT" skipped="0" hostname="LAPTOP-EHEF5703" errors="0">
  <testcase name="test2" time="0.010" classname="TestNGGroups.TestNGGroupsSample"/>
  <testcase name="test3" time="0.001" classname="TestNGGroups.TestNGGroupsSample"/>
  <testcase name="test4" classname="TestNGGroups.TestNGGroupsSample">
    <skipped/>
  </testcase> <!-- test4 -->
  <testcase name="test1" classname="TestNGGroups.TestNGGroupsSample">
    <skipped/>
  </testcase> <!-- test1 -->
</testsuite> <!-- TestNGGroups.TestNGGroupsSample -->
