<?xml version="1.0" encoding="UTF-8"?>
<!-- Generated by org.testng.reporters.JUnitReportReporter -->
<testsuite name="testNG.AllAnnotations" tests="2" time="0.007" ignored="0" failures="0" timestamp="21 Sep 2018 14:58:01 GMT" skipped="0" hostname="LAPTOP-EHEF5703" errors="0">
  <testcase name="testCase1" time="0.005" classname="testNG.AllAnnotations"/>
  <testcase name="testCase2" time="0.002" classname="testNG.AllAnnotations"/>
</testsuite> <!-- testNG.AllAnnotations -->
