<?xml version="1.0" encoding="UTF-8"?>
<!-- Generated by org.testng.reporters.JUnitReportReporter -->
<testsuite name="testNG.TestAnnotation" tests="1" time="8.876" ignored="0" failures="0" timestamp="21 Sep 2018 15:53:56 GMT" skipped="0" hostname="LAPTOP-EHEF5703" errors="0">
  <testcase name="alert" time="8.876" classname="testNG.TestAnnotation"/>
</testsuite> <!-- testNG.TestAnnotation -->
