<?xml version="1.0" encoding="UTF-8"?>
<!-- Generated by org.testng.reporters.JUnitReportReporter -->
<testsuite hostname="LAPTOP-EHEF5703" failures="0" tests="2" name="testNG.WithdataProvider" time="16.690" errors="0" timestamp="13 Jul 2019 08:30:10 GMT" skipped="0">
  <testcase classname="testNG.WithdataProvider" name="test" time="6.977"/>
  <testcase classname="testNG.WithdataProvider" name="test" time="9.713"/>
</testsuite> <!-- testNG.WithdataProvider -->
