<?xml version="1.0" encoding="UTF-8"?>
<!-- Generated by org.testng.reporters.JUnitReportReporter -->
<testsuite name="TestNGListener.ListnerTestcase" tests="2" time="64.336" ignored="0" failures="0" timestamp="03 Jan 2019 17:24:30 GMT" skipped="0" hostname="LAPTOP-EHEF5703" errors="0">
  <testcase name="HomePage" time="64.317" classname="TestNGListener.ListnerTestcase"/>
  <testcase name="loginPage" time="0.019" classname="TestNGListener.ListnerTestcase"/>
</testsuite> <!-- TestNGListener.ListnerTestcase -->
