<?xml version="1.0" encoding="UTF-8"?>
<!-- Generated by org.testng.reporters.JUnitReportReporter -->
<testsuite name="testNG.BeforeandAfterMethod" tests="2" time="4.549" ignored="0" failures="0" timestamp="16 Dec 2018 06:58:30 GMT" skipped="0" hostname="LAPTOP-EHEF5703" errors="0">
  <testcase name="register" time="2.323" classname="testNG.BeforeandAfterMethod"/>
  <testcase name="support" time="2.226" classname="testNG.BeforeandAfterMethod"/>
</testsuite> <!-- testNG.BeforeandAfterMethod -->
