<?xml version="1.0" encoding="UTF-8"?>
<!-- Generated by org.testng.reporters.JUnitReportReporter -->
<testsuite name="testNG.DependsOnMethod" tests="2" time="0.013" ignored="0" failures="0" timestamp="03 Jan 2019 11:20:13 GMT" skipped="0" hostname="LAPTOP-EHEF5703" errors="0">
  <testcase name="search" time="0.011" classname="testNG.DependsOnMethod"/>
  <testcase name="book" time="0.002" classname="testNG.DependsOnMethod"/>
</testsuite> <!-- testNG.DependsOnMethod -->
