<?xml version="1.0" encoding="UTF-8"?>
<!-- Generated by org.testng.reporters.JUnitReportReporter -->
<testsuite ignored="0" hostname="LAPTOP-EHEF5703" failures="0" tests="2" name="testCase.TC_1_LoginPage_ValidCaseTest" time="58.843" errors="0" timestamp="26 Jan 2019 14:41:39 GMT" skipped="0">
  <testcase classname="testCase.TC_1_LoginPage_ValidCaseTest" name="tc_01_login_Test" time="23.655"/>
  <testcase classname="testCase.TC_1_LoginPage_ValidCaseTest" name="tc_01_login_Test" time="35.188"/>
</testsuite> <!-- testCase.TC_1_LoginPage_ValidCaseTest -->
