<?xml version="1.0" encoding="UTF-8"?>
<!-- Generated by org.testng.reporters.JUnitReportReporter -->
<testsuite name="RESTProject.RESTProject.RestwithDeleteMethod" tests="1" time="1.168" ignored="0" failures="0" timestamp="25 Oct 2018 18:35:12 GMT" skipped="0" hostname="LAPTOP-EHEF5703" errors="0">
  <testcase name="deletsucessfull" time="1.168" classname="RESTProject.RESTProject.RestwithDeleteMethod"/>
</testsuite> <!-- RESTProject.RESTProject.RestwithDeleteMethod -->
