<?xml version="1.0" encoding="UTF-8"?>
<!-- Generated by org.testng.reporters.JUnitReportReporter -->
<testsuite hostname="LAPTOP-EHEF5703" failures="0" tests="1" name="LatestProject.AddLoactionPOSTMethod" time="1.908" errors="0" timestamp="29 May 2019 14:40:45 GMT" skipped="0">
  <testcase classname="LatestProject.AddLoactionPOSTMethod" name="createPlaceAPI" time="1.908"/>
</testsuite> <!-- LatestProject.AddLoactionPOSTMethod -->
