<?xml version="1.0" encoding="UTF-8"?>
<!-- Generated by org.testng.reporters.JUnitReportReporter -->
<testsuite name="RESTProject.RESTProject.RestwithGetMethod" tests="1" time="2.731" ignored="0" failures="0" timestamp="27 Oct 2018 06:28:50 GMT" skipped="0" hostname="LAPTOP-EHEF5703" errors="0">
  <testcase name="verifystatus" time="2.731" classname="RESTProject.RESTProject.RestwithGetMethod"/>
</testsuite> <!-- RESTProject.RESTProject.RestwithGetMethod -->
