<?xml version="1.0" encoding="UTF-8"?>
<!-- Generated by org.testng.reporters.JUnitReportReporter -->
<testsuite hostname="LAPTOP-EHEF5703" failures="0" tests="1" name="LatestProject.DeleteAPlaceDeleteMethod" time="1.795" errors="0" timestamp="29 May 2019 15:14:12 GMT" skipped="0">
  <testcase classname="LatestProject.DeleteAPlaceDeleteMethod" name="deleteplace" time="1.795"/>
</testsuite> <!-- LatestProject.DeleteAPlaceDeleteMethod -->
