<?xml version="1.0" encoding="UTF-8"?>
<!-- Generated by org.testng.reporters.JUnitReportReporter -->
<testsuite name="RESTProject.RESTProject.RestwithPUTMethod" tests="1" time="1.200" ignored="0" failures="0" timestamp="25 Oct 2018 18:34:40 GMT" skipped="0" hostname="LAPTOP-EHEF5703" errors="0">
  <testcase name="Putverification" time="1.200" classname="RESTProject.RESTProject.RestwithPUTMethod"/>
</testsuite> <!-- RESTProject.RESTProject.RestwithPUTMethod -->
