<?xml version="1.0" encoding="UTF-8"?>
<!-- Generated by org.testng.reporters.JUnitReportReporter -->
<testsuite hostname="LAPTOP-EHEF5703" failures="0" tests="1" name="LatestProject.DeleteAPlaceDeleteMethodFromPropertyFile" time="3.768" errors="0" timestamp="29 May 2019 16:59:14 GMT" skipped="0">
  <testcase classname="LatestProject.DeleteAPlaceDeleteMethodFromPropertyFile" name="deleteplace" time="3.768"/>
</testsuite> <!-- LatestProject.DeleteAPlaceDeleteMethodFromPropertyFile -->
