<?xml version="1.0" encoding="UTF-8"?>
<!-- Generated by org.testng.reporters.JUnitReportReporter -->
<testsuite name="RESTProject.RESTProject.RestwithPOSTMethod" tests="1" time="1.182" ignored="0" failures="0" timestamp="25 Oct 2018 18:33:29 GMT" skipped="0" hostname="LAPTOP-EHEF5703" errors="0">
  <testcase name="RegistrationSuccessful" time="1.182" classname="RESTProject.RESTProject.RestwithPOSTMethod"/>
</testsuite> <!-- RESTProject.RESTProject.RestwithPOSTMethod -->
