<?xml version="1.0" encoding="UTF-8"?>
<!-- Generated by org.testng.reporters.JUnitReportReporter -->
<testsuite name="RESTProject.RESTProject.RestSample" tests="1" time="2.436" ignored="0" failures="0" timestamp="05 Sep 2018 15:06:07 GMT" skipped="0" hostname="LAPTOP-EHEF5703" errors="0">
  <testcase name="verifystatus" time="2.436" classname="RESTProject.RESTProject.RestSample"/>
</testsuite> <!-- RESTProject.RESTProject.RestSample -->
