<?xml version="1.0" encoding="UTF-8"?>
<!-- Generated by org.testng.reporters.JUnitReportReporter -->
<testsuite name="LatestProject.GooglePlaceSearchGetMethod" tests="1" time="3.406" ignored="0" failures="0" timestamp="30 Dec 2018 05:57:40 GMT" skipped="0" hostname="LAPTOP-EHEF5703" errors="0">
  <testcase name="getPlaceAPI" time="3.406" classname="LatestProject.GooglePlaceSearchGetMethod"/>
</testsuite> <!-- LatestProject.GooglePlaceSearchGetMethod -->
